2020-06-30 17:53:55 [root] WARNING: Start reqUrl http://list.le.com/getLesoData?from=pc&src=1&stype=1&ps=30&pn={lpage}&ph=420001&dt=1&cg=2&or=4&stt=1&vt=180001&s=1
2020-06-30 17:53:55 [root] WARNING: start reqUrl page at 1
2020-06-30 17:56:31 [root] WARNING: start reqUrl page at 2
2020-06-30 17:58:30 [root] WARNING: start reqUrl page at 3
2020-06-30 18:00:06 [root] WARNING: start reqUrl page at 4
2020-06-30 18:00:58 [root] WARNING: Err No Item at uid
2020-06-30 18:01:28 [root] WARNING: start reqUrl page at 5
2020-06-30 18:02:42 [root] WARNING: start reqUrl page at 6
2020-06-30 18:04:00 [root] WARNING: start reqUrl page at 7
2020-06-30 18:05:44 [root] WARNING: start reqUrl page at 8
2020-06-30 18:07:44 [root] WARNING: start reqUrl page at 9
2020-06-30 18:08:52 [root] WARNING: start reqUrl page at 10
2020-06-30 18:10:05 [root] WARNING: start reqUrl page at 11
2020-06-30 18:11:09 [root] WARNING: start reqUrl page at 12
2020-06-30 18:12:03 [root] WARNING: start reqUrl page at 13
2020-06-30 18:12:52 [root] WARNING: start reqUrl page at 14
2020-06-30 18:13:50 [root] WARNING: start reqUrl page at 15
2020-06-30 18:15:57 [root] WARNING: start reqUrl page at 16
2020-06-30 18:16:55 [root] WARNING: start reqUrl page at 17
2020-06-30 18:17:27 [root] WARNING: start reqUrl page at 18
2020-06-30 18:17:27 [root] WARNING: finish reqUrl all page
2020-06-30 18:17:27 [root] WARNING: Start reqUrl http://list.le.com/getLesoData?from=pc&src=1&stype=1&ps=30&pn={lpage}&ph=420001&dt=1&cg=2&or=5&stt=1&vt=180001&s=1
2020-06-30 18:17:27 [root] WARNING: start reqUrl page at 1
2020-06-30 18:18:24 [root] WARNING: start reqUrl page at 2
2020-06-30 18:19:28 [root] WARNING: start reqUrl page at 3
2020-06-30 18:20:14 [root] WARNING: start reqUrl page at 4
2020-06-30 18:21:08 [root] WARNING: start reqUrl page at 5
2020-06-30 18:23:33 [root] WARNING: start reqUrl page at 6
2020-06-30 18:25:32 [root] WARNING: start reqUrl page at 7
2020-06-30 18:26:18 [root] WARNING: start reqUrl page at 8
2020-06-30 18:27:46 [root] WARNING: start reqUrl page at 9
2020-06-30 18:28:51 [root] WARNING: start reqUrl page at 10
2020-06-30 18:29:05 [root] WARNING: Err No Item at uid
2020-06-30 18:31:07 [root] WARNING: start reqUrl page at 11
2020-06-30 18:32:16 [root] WARNING: start reqUrl page at 12
2020-06-30 18:33:54 [root] WARNING: start reqUrl page at 13
2020-06-30 18:35:53 [scrapy.core.scraper] ERROR: Spider error processing <GET http://www.le.com/ptv/vplay/27461413.html> (referer: None)
Traceback (most recent call last):
  File "C:\Users\Asxh-PC\Anaconda3\lib\site-packages\scrapy\utils\defer.py", line 102, in iter_errback
    yield next(it)
  File "C:\Users\Asxh-PC\Anaconda3\lib\site-packages\scrapy\spidermiddlewares\offsite.py", line 29, in process_spider_output
    for x in result:
  File "C:\Users\Asxh-PC\Anaconda3\lib\site-packages\scrapy\spidermiddlewares\referer.py", line 339, in <genexpr>
    return (_set_referer(r) for r in result or ())
  File "C:\Users\Asxh-PC\Anaconda3\lib\site-packages\scrapy\spidermiddlewares\urllength.py", line 37, in <genexpr>
    return (r for r in result or () if _filter(r))
  File "C:\Users\Asxh-PC\Anaconda3\lib\site-packages\scrapy\spidermiddlewares\depth.py", line 58, in <genexpr>
    return (r for r in result or () if _filter(r))
  File "C:\Users\Asxh-PC\Desktop\Work\2020Spider\ScrapyProj\LEScrapy\LEScrapy\spiders\LESpider.py", line 80, in parseItemDetails
    item["category"] = str(re.findall(r'>(.*?)</a>', re.search(r'<b>类型：</b><span>(.*?)</span>',reshtml).group(1)))
AttributeError: 'NoneType' object has no attribute 'group'
2020-06-30 18:35:58 [scrapy.core.scraper] ERROR: Spider error processing <GET http://www.le.com/ptv/vplay/27411441.html> (referer: None)
Traceback (most recent call last):
  File "C:\Users\Asxh-PC\Anaconda3\lib\site-packages\scrapy\utils\defer.py", line 102, in iter_errback
    yield next(it)
  File "C:\Users\Asxh-PC\Anaconda3\lib\site-packages\scrapy\spidermiddlewares\offsite.py", line 29, in process_spider_output
    for x in result:
  File "C:\Users\Asxh-PC\Anaconda3\lib\site-packages\scrapy\spidermiddlewares\referer.py", line 339, in <genexpr>
    return (_set_referer(r) for r in result or ())
  File "C:\Users\Asxh-PC\Anaconda3\lib\site-packages\scrapy\spidermiddlewares\urllength.py", line 37, in <genexpr>
    return (r for r in result or () if _filter(r))
  File "C:\Users\Asxh-PC\Anaconda3\lib\site-packages\scrapy\spidermiddlewares\depth.py", line 58, in <genexpr>
    return (r for r in result or () if _filter(r))
  File "C:\Users\Asxh-PC\Desktop\Work\2020Spider\ScrapyProj\LEScrapy\LEScrapy\spiders\LESpider.py", line 80, in parseItemDetails
    item["category"] = str(re.findall(r'>(.*?)</a>', re.search(r'<b>类型：</b><span>(.*?)</span>',reshtml).group(1)))
AttributeError: 'NoneType' object has no attribute 'group'
2020-06-30 18:37:28 [root] WARNING: start reqUrl page at 14
2020-06-30 18:38:49 [root] WARNING: start reqUrl page at 15
2020-06-30 18:40:53 [root] WARNING: start reqUrl page at 16
2020-06-30 18:40:54 [scrapy.core.scraper] ERROR: Spider error processing <GET http://www.le.com/ptv/vplay/26750665.html> (referer: None)
Traceback (most recent call last):
  File "C:\Users\Asxh-PC\Anaconda3\lib\site-packages\scrapy\utils\defer.py", line 102, in iter_errback
    yield next(it)
  File "C:\Users\Asxh-PC\Anaconda3\lib\site-packages\scrapy\spidermiddlewares\offsite.py", line 29, in process_spider_output
    for x in result:
  File "C:\Users\Asxh-PC\Anaconda3\lib\site-packages\scrapy\spidermiddlewares\referer.py", line 339, in <genexpr>
    return (_set_referer(r) for r in result or ())
  File "C:\Users\Asxh-PC\Anaconda3\lib\site-packages\scrapy\spidermiddlewares\urllength.py", line 37, in <genexpr>
    return (r for r in result or () if _filter(r))
  File "C:\Users\Asxh-PC\Anaconda3\lib\site-packages\scrapy\spidermiddlewares\depth.py", line 58, in <genexpr>
    return (r for r in result or () if _filter(r))
  File "C:\Users\Asxh-PC\Desktop\Work\2020Spider\ScrapyProj\LEScrapy\LEScrapy\spiders\LESpider.py", line 80, in parseItemDetails
    item["category"] = str(re.findall(r'>(.*?)</a>', re.search(r'<b>类型：</b><span>(.*?)</span>',reshtml).group(1)))
AttributeError: 'NoneType' object has no attribute 'group'
2020-06-30 18:40:54 [scrapy.core.scraper] ERROR: Spider error processing <GET http://www.le.com/ptv/vplay/26807300.html> (referer: None)
Traceback (most recent call last):
  File "C:\Users\Asxh-PC\Anaconda3\lib\site-packages\scrapy\utils\defer.py", line 102, in iter_errback
    yield next(it)
  File "C:\Users\Asxh-PC\Anaconda3\lib\site-packages\scrapy\spidermiddlewares\offsite.py", line 29, in process_spider_output
    for x in result:
  File "C:\Users\Asxh-PC\Anaconda3\lib\site-packages\scrapy\spidermiddlewares\referer.py", line 339, in <genexpr>
    return (_set_referer(r) for r in result or ())
  File "C:\Users\Asxh-PC\Anaconda3\lib\site-packages\scrapy\spidermiddlewares\urllength.py", line 37, in <genexpr>
    return (r for r in result or () if _filter(r))
  File "C:\Users\Asxh-PC\Anaconda3\lib\site-packages\scrapy\spidermiddlewares\depth.py", line 58, in <genexpr>
    return (r for r in result or () if _filter(r))
  File "C:\Users\Asxh-PC\Desktop\Work\2020Spider\ScrapyProj\LEScrapy\LEScrapy\spiders\LESpider.py", line 80, in parseItemDetails
    item["category"] = str(re.findall(r'>(.*?)</a>', re.search(r'<b>类型：</b><span>(.*?)</span>',reshtml).group(1)))
AttributeError: 'NoneType' object has no attribute 'group'
2020-06-30 18:40:54 [scrapy.core.scraper] ERROR: Spider error processing <GET http://www.le.com/ptv/vplay/26811800.html> (referer: None)
Traceback (most recent call last):
  File "C:\Users\Asxh-PC\Anaconda3\lib\site-packages\scrapy\utils\defer.py", line 102, in iter_errback
    yield next(it)
  File "C:\Users\Asxh-PC\Anaconda3\lib\site-packages\scrapy\spidermiddlewares\offsite.py", line 29, in process_spider_output
    for x in result:
  File "C:\Users\Asxh-PC\Anaconda3\lib\site-packages\scrapy\spidermiddlewares\referer.py", line 339, in <genexpr>
    return (_set_referer(r) for r in result or ())
  File "C:\Users\Asxh-PC\Anaconda3\lib\site-packages\scrapy\spidermiddlewares\urllength.py", line 37, in <genexpr>
    return (r for r in result or () if _filter(r))
  File "C:\Users\Asxh-PC\Anaconda3\lib\site-packages\scrapy\spidermiddlewares\depth.py", line 58, in <genexpr>
    return (r for r in result or () if _filter(r))
  File "C:\Users\Asxh-PC\Desktop\Work\2020Spider\ScrapyProj\LEScrapy\LEScrapy\spiders\LESpider.py", line 80, in parseItemDetails
    item["category"] = str(re.findall(r'>(.*?)</a>', re.search(r'<b>类型：</b><span>(.*?)</span>',reshtml).group(1)))
AttributeError: 'NoneType' object has no attribute 'group'
2020-06-30 18:40:54 [scrapy.core.scraper] ERROR: Spider error processing <GET http://www.le.com/ptv/vplay/26838804.html> (referer: None)
Traceback (most recent call last):
  File "C:\Users\Asxh-PC\Anaconda3\lib\site-packages\scrapy\utils\defer.py", line 102, in iter_errback
    yield next(it)
  File "C:\Users\Asxh-PC\Anaconda3\lib\site-packages\scrapy\spidermiddlewares\offsite.py", line 29, in process_spider_output
    for x in result:
  File "C:\Users\Asxh-PC\Anaconda3\lib\site-packages\scrapy\spidermiddlewares\referer.py", line 339, in <genexpr>
    return (_set_referer(r) for r in result or ())
  File "C:\Users\Asxh-PC\Anaconda3\lib\site-packages\scrapy\spidermiddlewares\urllength.py", line 37, in <genexpr>
    return (r for r in result or () if _filter(r))
  File "C:\Users\Asxh-PC\Anaconda3\lib\site-packages\scrapy\spidermiddlewares\depth.py", line 58, in <genexpr>
    return (r for r in result or () if _filter(r))
  File "C:\Users\Asxh-PC\Desktop\Work\2020Spider\ScrapyProj\LEScrapy\LEScrapy\spiders\LESpider.py", line 80, in parseItemDetails
    item["category"] = str(re.findall(r'>(.*?)</a>', re.search(r'<b>类型：</b><span>(.*?)</span>',reshtml).group(1)))
AttributeError: 'NoneType' object has no attribute 'group'
2020-06-30 18:40:54 [scrapy.core.scraper] ERROR: Spider error processing <GET http://www.le.com/ptv/vplay/26811776.html> (referer: None)
Traceback (most recent call last):
  File "C:\Users\Asxh-PC\Anaconda3\lib\site-packages\scrapy\utils\defer.py", line 102, in iter_errback
    yield next(it)
  File "C:\Users\Asxh-PC\Anaconda3\lib\site-packages\scrapy\spidermiddlewares\offsite.py", line 29, in process_spider_output
    for x in result:
  File "C:\Users\Asxh-PC\Anaconda3\lib\site-packages\scrapy\spidermiddlewares\referer.py", line 339, in <genexpr>
    return (_set_referer(r) for r in result or ())
  File "C:\Users\Asxh-PC\Anaconda3\lib\site-packages\scrapy\spidermiddlewares\urllength.py", line 37, in <genexpr>
    return (r for r in result or () if _filter(r))
  File "C:\Users\Asxh-PC\Anaconda3\lib\site-packages\scrapy\spidermiddlewares\depth.py", line 58, in <genexpr>
    return (r for r in result or () if _filter(r))
  File "C:\Users\Asxh-PC\Desktop\Work\2020Spider\ScrapyProj\LEScrapy\LEScrapy\spiders\LESpider.py", line 80, in parseItemDetails
    item["category"] = str(re.findall(r'>(.*?)</a>', re.search(r'<b>类型：</b><span>(.*?)</span>',reshtml).group(1)))
AttributeError: 'NoneType' object has no attribute 'group'
2020-06-30 18:40:54 [scrapy.core.scraper] ERROR: Spider error processing <GET http://www.le.com/ptv/vplay/26838507.html> (referer: None)
Traceback (most recent call last):
  File "C:\Users\Asxh-PC\Anaconda3\lib\site-packages\scrapy\utils\defer.py", line 102, in iter_errback
    yield next(it)
  File "C:\Users\Asxh-PC\Anaconda3\lib\site-packages\scrapy\spidermiddlewares\offsite.py", line 29, in process_spider_output
    for x in result:
  File "C:\Users\Asxh-PC\Anaconda3\lib\site-packages\scrapy\spidermiddlewares\referer.py", line 339, in <genexpr>
    return (_set_referer(r) for r in result or ())
  File "C:\Users\Asxh-PC\Anaconda3\lib\site-packages\scrapy\spidermiddlewares\urllength.py", line 37, in <genexpr>
    return (r for r in result or () if _filter(r))
  File "C:\Users\Asxh-PC\Anaconda3\lib\site-packages\scrapy\spidermiddlewares\depth.py", line 58, in <genexpr>
    return (r for r in result or () if _filter(r))
  File "C:\Users\Asxh-PC\Desktop\Work\2020Spider\ScrapyProj\LEScrapy\LEScrapy\spiders\LESpider.py", line 80, in parseItemDetails
    item["category"] = str(re.findall(r'>(.*?)</a>', re.search(r'<b>类型：</b><span>(.*?)</span>',reshtml).group(1)))
AttributeError: 'NoneType' object has no attribute 'group'
2020-06-30 18:40:54 [scrapy.core.scraper] ERROR: Spider error processing <GET http://www.le.com/ptv/vplay/26839384.html> (referer: None)
Traceback (most recent call last):
  File "C:\Users\Asxh-PC\Anaconda3\lib\site-packages\scrapy\utils\defer.py", line 102, in iter_errback
    yield next(it)
  File "C:\Users\Asxh-PC\Anaconda3\lib\site-packages\scrapy\spidermiddlewares\offsite.py", line 29, in process_spider_output
    for x in result:
  File "C:\Users\Asxh-PC\Anaconda3\lib\site-packages\scrapy\spidermiddlewares\referer.py", line 339, in <genexpr>
    return (_set_referer(r) for r in result or ())
  File "C:\Users\Asxh-PC\Anaconda3\lib\site-packages\scrapy\spidermiddlewares\urllength.py", line 37, in <genexpr>
    return (r for r in result or () if _filter(r))
  File "C:\Users\Asxh-PC\Anaconda3\lib\site-packages\scrapy\spidermiddlewares\depth.py", line 58, in <genexpr>
    return (r for r in result or () if _filter(r))
  File "C:\Users\Asxh-PC\Desktop\Work\2020Spider\ScrapyProj\LEScrapy\LEScrapy\spiders\LESpider.py", line 80, in parseItemDetails
    item["category"] = str(re.findall(r'>(.*?)</a>', re.search(r'<b>类型：</b><span>(.*?)</span>',reshtml).group(1)))
AttributeError: 'NoneType' object has no attribute 'group'
2020-06-30 18:40:54 [scrapy.core.scraper] ERROR: Spider error processing <GET http://www.le.com/ptv/vplay/26817565.html> (referer: None)
Traceback (most recent call last):
  File "C:\Users\Asxh-PC\Anaconda3\lib\site-packages\scrapy\utils\defer.py", line 102, in iter_errback
    yield next(it)
  File "C:\Users\Asxh-PC\Anaconda3\lib\site-packages\scrapy\spidermiddlewares\offsite.py", line 29, in process_spider_output
    for x in result:
  File "C:\Users\Asxh-PC\Anaconda3\lib\site-packages\scrapy\spidermiddlewares\referer.py", line 339, in <genexpr>
    return (_set_referer(r) for r in result or ())
  File "C:\Users\Asxh-PC\Anaconda3\lib\site-packages\scrapy\spidermiddlewares\urllength.py", line 37, in <genexpr>
    return (r for r in result or () if _filter(r))
  File "C:\Users\Asxh-PC\Anaconda3\lib\site-packages\scrapy\spidermiddlewares\depth.py", line 58, in <genexpr>
    return (r for r in result or () if _filter(r))
  File "C:\Users\Asxh-PC\Desktop\Work\2020Spider\ScrapyProj\LEScrapy\LEScrapy\spiders\LESpider.py", line 80, in parseItemDetails
    item["category"] = str(re.findall(r'>(.*?)</a>', re.search(r'<b>类型：</b><span>(.*?)</span>',reshtml).group(1)))
AttributeError: 'NoneType' object has no attribute 'group'
2020-06-30 18:40:54 [scrapy.core.scraper] ERROR: Spider error processing <GET http://www.le.com/ptv/vplay/26807142.html> (referer: None)
Traceback (most recent call last):
  File "C:\Users\Asxh-PC\Anaconda3\lib\site-packages\scrapy\utils\defer.py", line 102, in iter_errback
    yield next(it)
  File "C:\Users\Asxh-PC\Anaconda3\lib\site-packages\scrapy\spidermiddlewares\offsite.py", line 29, in process_spider_output
    for x in result:
  File "C:\Users\Asxh-PC\Anaconda3\lib\site-packages\scrapy\spidermiddlewares\referer.py", line 339, in <genexpr>
    return (_set_referer(r) for r in result or ())
  File "C:\Users\Asxh-PC\Anaconda3\lib\site-packages\scrapy\spidermiddlewares\urllength.py", line 37, in <genexpr>
    return (r for r in result or () if _filter(r))
  File "C:\Users\Asxh-PC\Anaconda3\lib\site-packages\scrapy\spidermiddlewares\depth.py", line 58, in <genexpr>
    return (r for r in result or () if _filter(r))
  File "C:\Users\Asxh-PC\Desktop\Work\2020Spider\ScrapyProj\LEScrapy\LEScrapy\spiders\LESpider.py", line 80, in parseItemDetails
    item["category"] = str(re.findall(r'>(.*?)</a>', re.search(r'<b>类型：</b><span>(.*?)</span>',reshtml).group(1)))
AttributeError: 'NoneType' object has no attribute 'group'
2020-06-30 18:40:55 [scrapy.core.scraper] ERROR: Spider error processing <GET http://www.le.com/ptv/vplay/26839385.html> (referer: None)
Traceback (most recent call last):
  File "C:\Users\Asxh-PC\Anaconda3\lib\site-packages\scrapy\utils\defer.py", line 102, in iter_errback
    yield next(it)
  File "C:\Users\Asxh-PC\Anaconda3\lib\site-packages\scrapy\spidermiddlewares\offsite.py", line 29, in process_spider_output
    for x in result:
  File "C:\Users\Asxh-PC\Anaconda3\lib\site-packages\scrapy\spidermiddlewares\referer.py", line 339, in <genexpr>
    return (_set_referer(r) for r in result or ())
  File "C:\Users\Asxh-PC\Anaconda3\lib\site-packages\scrapy\spidermiddlewares\urllength.py", line 37, in <genexpr>
    return (r for r in result or () if _filter(r))
  File "C:\Users\Asxh-PC\Anaconda3\lib\site-packages\scrapy\spidermiddlewares\depth.py", line 58, in <genexpr>
    return (r for r in result or () if _filter(r))
  File "C:\Users\Asxh-PC\Desktop\Work\2020Spider\ScrapyProj\LEScrapy\LEScrapy\spiders\LESpider.py", line 80, in parseItemDetails
    item["category"] = str(re.findall(r'>(.*?)</a>', re.search(r'<b>类型：</b><span>(.*?)</span>',reshtml).group(1)))
AttributeError: 'NoneType' object has no attribute 'group'
2020-06-30 18:41:59 [root] WARNING: start reqUrl page at 17
2020-06-30 18:42:58 [scrapy.core.scraper] ERROR: Spider error processing <GET http://www.le.com/ptv/vplay/25846165.html> (referer: None)
Traceback (most recent call last):
  File "C:\Users\Asxh-PC\Anaconda3\lib\site-packages\scrapy\utils\defer.py", line 102, in iter_errback
    yield next(it)
  File "C:\Users\Asxh-PC\Anaconda3\lib\site-packages\scrapy\spidermiddlewares\offsite.py", line 29, in process_spider_output
    for x in result:
  File "C:\Users\Asxh-PC\Anaconda3\lib\site-packages\scrapy\spidermiddlewares\referer.py", line 339, in <genexpr>
    return (_set_referer(r) for r in result or ())
  File "C:\Users\Asxh-PC\Anaconda3\lib\site-packages\scrapy\spidermiddlewares\urllength.py", line 37, in <genexpr>
    return (r for r in result or () if _filter(r))
  File "C:\Users\Asxh-PC\Anaconda3\lib\site-packages\scrapy\spidermiddlewares\depth.py", line 58, in <genexpr>
    return (r for r in result or () if _filter(r))
  File "C:\Users\Asxh-PC\Desktop\Work\2020Spider\ScrapyProj\LEScrapy\LEScrapy\spiders\LESpider.py", line 80, in parseItemDetails
    item["category"] = str(re.findall(r'>(.*?)</a>', re.search(r'<b>类型：</b><span>(.*?)</span>',reshtml).group(1)))
AttributeError: 'NoneType' object has no attribute 'group'
2020-06-30 18:43:38 [root] WARNING: start reqUrl page at 18
2020-06-30 18:44:43 [root] WARNING: start reqUrl page at 19
2020-06-30 18:45:40 [root] WARNING: finish reqUrl all page
2020-06-30 18:45:40 [root] WARNING: Start reqUrl http://list.le.com/getLesoData?from=pc&src=1&stype=1&ps=30&pn={lpage}&ph=420001&dt=1&cg=1&or=4&stt=1&vt=180001&s=1
2020-06-30 18:45:40 [root] WARNING: start reqUrl page at 1
2020-06-30 18:45:48 [root] WARNING: start reqUrl page at 2
2020-06-30 18:45:56 [root] WARNING: start reqUrl page at 3
2020-06-30 18:46:02 [root] WARNING: start reqUrl page at 4
2020-06-30 18:46:06 [root] WARNING: start reqUrl page at 5
2020-06-30 18:46:12 [root] WARNING: start reqUrl page at 6
2020-06-30 18:46:18 [root] WARNING: start reqUrl page at 7
2020-06-30 18:46:25 [root] WARNING: start reqUrl page at 8
2020-06-30 18:46:29 [root] WARNING: start reqUrl page at 9
2020-06-30 18:46:40 [root] WARNING: start reqUrl page at 10
2020-06-30 18:46:45 [root] WARNING: start reqUrl page at 11
2020-06-30 18:46:49 [root] WARNING: start reqUrl page at 12
2020-06-30 18:46:54 [root] WARNING: start reqUrl page at 13
2020-06-30 18:46:59 [root] WARNING: start reqUrl page at 14
2020-06-30 18:47:02 [root] WARNING: start reqUrl page at 15
2020-06-30 18:47:04 [root] WARNING: start reqUrl page at 16
2020-06-30 18:47:04 [root] WARNING: finish reqUrl all page
2020-06-30 18:47:04 [root] WARNING: Start reqUrl http://list.le.com/getLesoData?from=pc&src=1&stype=1&ps=30&pn={lpage}&ph=420001&dt=1&cg=1&or=1&stt=1&vt=180001&s=1
2020-06-30 18:47:04 [root] WARNING: start reqUrl page at 1
2020-06-30 18:47:05 [root] WARNING: start reqUrl page at 2
2020-06-30 18:47:08 [root] WARNING: start reqUrl page at 3
2020-06-30 18:47:09 [root] WARNING: start reqUrl page at 4
2020-06-30 18:47:12 [root] WARNING: start reqUrl page at 5
2020-06-30 18:47:13 [root] WARNING: start reqUrl page at 6
2020-06-30 18:47:15 [root] WARNING: start reqUrl page at 7
2020-06-30 18:47:17 [root] WARNING: start reqUrl page at 8
2020-06-30 18:47:19 [root] WARNING: start reqUrl page at 9
2020-06-30 18:47:21 [root] WARNING: start reqUrl page at 10
2020-06-30 18:47:24 [root] WARNING: start reqUrl page at 11
2020-06-30 18:47:26 [root] WARNING: start reqUrl page at 12
2020-06-30 18:47:29 [root] WARNING: start reqUrl page at 13
2020-06-30 18:47:32 [root] WARNING: start reqUrl page at 14
2020-06-30 18:47:35 [root] WARNING: start reqUrl page at 15
2020-06-30 18:47:42 [root] WARNING: start reqUrl page at 16
2020-06-30 18:47:45 [root] WARNING: start reqUrl page at 17
2020-06-30 18:47:49 [root] WARNING: start reqUrl page at 18
2020-06-30 18:47:51 [root] WARNING: start reqUrl page at 19
2020-06-30 18:48:00 [root] WARNING: finish reqUrl all page
2020-06-30 18:48:00 [root] WARNING: Start reqUrl http://list.le.com/getLesoData?from=pc&src=1&stype=1&ps=30&pn={lpage}&ph=420001&dt=1&cg=11&or=4&stt=1&s=3
2020-06-30 18:48:00 [root] WARNING: start reqUrl page at 1
2020-06-30 18:58:35 [scrapy.core.downloader.handlers.http11] WARNING: Got data loss in http://www.le.com/ptv/vplay/21572117.html. If you want to process broken responses set the setting DOWNLOAD_FAIL_ON_DATALOSS = False -- This message won't be shown in further requests
2020-06-30 19:03:22 [root] WARNING: start reqUrl page at 2
2020-06-30 19:18:52 [scrapy.core.scraper] ERROR: Spider error processing <GET http://www.le.com/ptv/vplay/27200319.html> (referer: None)
Traceback (most recent call last):
  File "C:\Users\Asxh-PC\Anaconda3\lib\site-packages\scrapy\utils\defer.py", line 102, in iter_errback
    yield next(it)
  File "C:\Users\Asxh-PC\Anaconda3\lib\site-packages\scrapy\spidermiddlewares\offsite.py", line 29, in process_spider_output
    for x in result:
  File "C:\Users\Asxh-PC\Anaconda3\lib\site-packages\scrapy\spidermiddlewares\referer.py", line 339, in <genexpr>
    return (_set_referer(r) for r in result or ())
  File "C:\Users\Asxh-PC\Anaconda3\lib\site-packages\scrapy\spidermiddlewares\urllength.py", line 37, in <genexpr>
    return (r for r in result or () if _filter(r))
  File "C:\Users\Asxh-PC\Anaconda3\lib\site-packages\scrapy\spidermiddlewares\depth.py", line 58, in <genexpr>
    return (r for r in result or () if _filter(r))
  File "C:\Users\Asxh-PC\Desktop\Work\2020Spider\ScrapyProj\LEScrapy\LEScrapy\spiders\LESpider.py", line 80, in parseItemDetails
    item["category"] = str(re.findall(r'>(.*?)</a>', re.search(r'<b>类型：</b><span>(.*?)</span>',reshtml).group(1)))
AttributeError: 'NoneType' object has no attribute 'group'
2020-06-30 19:18:52 [scrapy.core.scraper] ERROR: Spider error processing <GET http://www.le.com/ptv/vplay/27253417.html> (referer: None)
Traceback (most recent call last):
  File "C:\Users\Asxh-PC\Anaconda3\lib\site-packages\scrapy\utils\defer.py", line 102, in iter_errback
    yield next(it)
  File "C:\Users\Asxh-PC\Anaconda3\lib\site-packages\scrapy\spidermiddlewares\offsite.py", line 29, in process_spider_output
    for x in result:
  File "C:\Users\Asxh-PC\Anaconda3\lib\site-packages\scrapy\spidermiddlewares\referer.py", line 339, in <genexpr>
    return (_set_referer(r) for r in result or ())
  File "C:\Users\Asxh-PC\Anaconda3\lib\site-packages\scrapy\spidermiddlewares\urllength.py", line 37, in <genexpr>
    return (r for r in result or () if _filter(r))
  File "C:\Users\Asxh-PC\Anaconda3\lib\site-packages\scrapy\spidermiddlewares\depth.py", line 58, in <genexpr>
    return (r for r in result or () if _filter(r))
  File "C:\Users\Asxh-PC\Desktop\Work\2020Spider\ScrapyProj\LEScrapy\LEScrapy\spiders\LESpider.py", line 80, in parseItemDetails
    item["category"] = str(re.findall(r'>(.*?)</a>', re.search(r'<b>类型：</b><span>(.*?)</span>',reshtml).group(1)))
AttributeError: 'NoneType' object has no attribute 'group'
2020-06-30 19:18:52 [scrapy.core.scraper] ERROR: Spider error processing <GET http://www.le.com/ptv/vplay/27165419.html> (referer: None)
Traceback (most recent call last):
  File "C:\Users\Asxh-PC\Anaconda3\lib\site-packages\scrapy\utils\defer.py", line 102, in iter_errback
    yield next(it)
  File "C:\Users\Asxh-PC\Anaconda3\lib\site-packages\scrapy\spidermiddlewares\offsite.py", line 29, in process_spider_output
    for x in result:
  File "C:\Users\Asxh-PC\Anaconda3\lib\site-packages\scrapy\spidermiddlewares\referer.py", line 339, in <genexpr>
    return (_set_referer(r) for r in result or ())
  File "C:\Users\Asxh-PC\Anaconda3\lib\site-packages\scrapy\spidermiddlewares\urllength.py", line 37, in <genexpr>
    return (r for r in result or () if _filter(r))
  File "C:\Users\Asxh-PC\Anaconda3\lib\site-packages\scrapy\spidermiddlewares\depth.py", line 58, in <genexpr>
    return (r for r in result or () if _filter(r))
  File "C:\Users\Asxh-PC\Desktop\Work\2020Spider\ScrapyProj\LEScrapy\LEScrapy\spiders\LESpider.py", line 80, in parseItemDetails
    item["category"] = str(re.findall(r'>(.*?)</a>', re.search(r'<b>类型：</b><span>(.*?)</span>',reshtml).group(1)))
AttributeError: 'NoneType' object has no attribute 'group'
2020-06-30 19:18:52 [scrapy.core.scraper] ERROR: Spider error processing <GET http://www.le.com/ptv/vplay/27198597.html> (referer: None)
Traceback (most recent call last):
  File "C:\Users\Asxh-PC\Anaconda3\lib\site-packages\scrapy\utils\defer.py", line 102, in iter_errback
    yield next(it)
  File "C:\Users\Asxh-PC\Anaconda3\lib\site-packages\scrapy\spidermiddlewares\offsite.py", line 29, in process_spider_output
    for x in result:
  File "C:\Users\Asxh-PC\Anaconda3\lib\site-packages\scrapy\spidermiddlewares\referer.py", line 339, in <genexpr>
    return (_set_referer(r) for r in result or ())
  File "C:\Users\Asxh-PC\Anaconda3\lib\site-packages\scrapy\spidermiddlewares\urllength.py", line 37, in <genexpr>
    return (r for r in result or () if _filter(r))
  File "C:\Users\Asxh-PC\Anaconda3\lib\site-packages\scrapy\spidermiddlewares\depth.py", line 58, in <genexpr>
    return (r for r in result or () if _filter(r))
  File "C:\Users\Asxh-PC\Desktop\Work\2020Spider\ScrapyProj\LEScrapy\LEScrapy\spiders\LESpider.py", line 80, in parseItemDetails
    item["category"] = str(re.findall(r'>(.*?)</a>', re.search(r'<b>类型：</b><span>(.*?)</span>',reshtml).group(1)))
AttributeError: 'NoneType' object has no attribute 'group'
2020-06-30 19:18:52 [scrapy.core.scraper] ERROR: Spider error processing <GET http://www.le.com/ptv/vplay/27153192.html> (referer: None)
Traceback (most recent call last):
  File "C:\Users\Asxh-PC\Anaconda3\lib\site-packages\scrapy\utils\defer.py", line 102, in iter_errback
    yield next(it)
  File "C:\Users\Asxh-PC\Anaconda3\lib\site-packages\scrapy\spidermiddlewares\offsite.py", line 29, in process_spider_output
    for x in result:
  File "C:\Users\Asxh-PC\Anaconda3\lib\site-packages\scrapy\spidermiddlewares\referer.py", line 339, in <genexpr>
    return (_set_referer(r) for r in result or ())
  File "C:\Users\Asxh-PC\Anaconda3\lib\site-packages\scrapy\spidermiddlewares\urllength.py", line 37, in <genexpr>
    return (r for r in result or () if _filter(r))
  File "C:\Users\Asxh-PC\Anaconda3\lib\site-packages\scrapy\spidermiddlewares\depth.py", line 58, in <genexpr>
    return (r for r in result or () if _filter(r))
  File "C:\Users\Asxh-PC\Desktop\Work\2020Spider\ScrapyProj\LEScrapy\LEScrapy\spiders\LESpider.py", line 80, in parseItemDetails
    item["category"] = str(re.findall(r'>(.*?)</a>', re.search(r'<b>类型：</b><span>(.*?)</span>',reshtml).group(1)))
AttributeError: 'NoneType' object has no attribute 'group'
2020-06-30 19:18:52 [scrapy.core.scraper] ERROR: Spider error processing <GET http://www.le.com/ptv/vplay/27097969.html> (referer: None)
Traceback (most recent call last):
  File "C:\Users\Asxh-PC\Anaconda3\lib\site-packages\scrapy\utils\defer.py", line 102, in iter_errback
    yield next(it)
  File "C:\Users\Asxh-PC\Anaconda3\lib\site-packages\scrapy\spidermiddlewares\offsite.py", line 29, in process_spider_output
    for x in result:
  File "C:\Users\Asxh-PC\Anaconda3\lib\site-packages\scrapy\spidermiddlewares\referer.py", line 339, in <genexpr>
    return (_set_referer(r) for r in result or ())
  File "C:\Users\Asxh-PC\Anaconda3\lib\site-packages\scrapy\spidermiddlewares\urllength.py", line 37, in <genexpr>
    return (r for r in result or () if _filter(r))
  File "C:\Users\Asxh-PC\Anaconda3\lib\site-packages\scrapy\spidermiddlewares\depth.py", line 58, in <genexpr>
    return (r for r in result or () if _filter(r))
  File "C:\Users\Asxh-PC\Desktop\Work\2020Spider\ScrapyProj\LEScrapy\LEScrapy\spiders\LESpider.py", line 80, in parseItemDetails
    item["category"] = str(re.findall(r'>(.*?)</a>', re.search(r'<b>类型：</b><span>(.*?)</span>',reshtml).group(1)))
AttributeError: 'NoneType' object has no attribute 'group'
2020-06-30 19:20:34 [root] WARNING: start reqUrl page at 3
2020-06-30 19:31:20 [root] WARNING: start reqUrl page at 4
2020-06-30 19:35:57 [root] WARNING: start reqUrl page at 5
2020-06-30 19:42:44 [root] WARNING: start reqUrl page at 6
2020-06-30 19:48:48 [root] WARNING: start reqUrl page at 7
2020-06-30 19:50:25 [root] WARNING: start reqUrl page at 8
2020-06-30 19:53:32 [root] WARNING: start reqUrl page at 9
2020-06-30 19:56:56 [root] WARNING: start reqUrl page at 10
2020-06-30 19:59:09 [root] WARNING: start reqUrl page at 11
2020-06-30 20:01:45 [scrapy.core.scraper] ERROR: Spider error processing <GET http://www.le.com/ptv/vplay/27325353.html> (referer: None)
Traceback (most recent call last):
  File "C:\Users\Asxh-PC\Anaconda3\lib\site-packages\scrapy\utils\defer.py", line 102, in iter_errback
    yield next(it)
  File "C:\Users\Asxh-PC\Anaconda3\lib\site-packages\scrapy\spidermiddlewares\offsite.py", line 29, in process_spider_output
    for x in result:
  File "C:\Users\Asxh-PC\Anaconda3\lib\site-packages\scrapy\spidermiddlewares\referer.py", line 339, in <genexpr>
    return (_set_referer(r) for r in result or ())
  File "C:\Users\Asxh-PC\Anaconda3\lib\site-packages\scrapy\spidermiddlewares\urllength.py", line 37, in <genexpr>
    return (r for r in result or () if _filter(r))
  File "C:\Users\Asxh-PC\Anaconda3\lib\site-packages\scrapy\spidermiddlewares\depth.py", line 58, in <genexpr>
    return (r for r in result or () if _filter(r))
  File "C:\Users\Asxh-PC\Desktop\Work\2020Spider\ScrapyProj\LEScrapy\LEScrapy\spiders\LESpider.py", line 80, in parseItemDetails
    item["category"] = str(re.findall(r'>(.*?)</a>', re.search(r'<b>类型：</b><span>(.*?)</span>',reshtml).group(1)))
AttributeError: 'NoneType' object has no attribute 'group'
2020-06-30 20:01:45 [scrapy.core.scraper] ERROR: Spider error processing <GET http://www.le.com/ptv/vplay/27397306.html> (referer: None)
Traceback (most recent call last):
  File "C:\Users\Asxh-PC\Anaconda3\lib\site-packages\scrapy\utils\defer.py", line 102, in iter_errback
    yield next(it)
  File "C:\Users\Asxh-PC\Anaconda3\lib\site-packages\scrapy\spidermiddlewares\offsite.py", line 29, in process_spider_output
    for x in result:
  File "C:\Users\Asxh-PC\Anaconda3\lib\site-packages\scrapy\spidermiddlewares\referer.py", line 339, in <genexpr>
    return (_set_referer(r) for r in result or ())
  File "C:\Users\Asxh-PC\Anaconda3\lib\site-packages\scrapy\spidermiddlewares\urllength.py", line 37, in <genexpr>
    return (r for r in result or () if _filter(r))
  File "C:\Users\Asxh-PC\Anaconda3\lib\site-packages\scrapy\spidermiddlewares\depth.py", line 58, in <genexpr>
    return (r for r in result or () if _filter(r))
  File "C:\Users\Asxh-PC\Desktop\Work\2020Spider\ScrapyProj\LEScrapy\LEScrapy\spiders\LESpider.py", line 80, in parseItemDetails
    item["category"] = str(re.findall(r'>(.*?)</a>', re.search(r'<b>类型：</b><span>(.*?)</span>',reshtml).group(1)))
AttributeError: 'NoneType' object has no attribute 'group'
2020-06-30 20:01:45 [scrapy.core.scraper] ERROR: Spider error processing <GET http://www.le.com/ptv/vplay/27338556.html> (referer: None)
Traceback (most recent call last):
  File "C:\Users\Asxh-PC\Anaconda3\lib\site-packages\scrapy\utils\defer.py", line 102, in iter_errback
    yield next(it)
  File "C:\Users\Asxh-PC\Anaconda3\lib\site-packages\scrapy\spidermiddlewares\offsite.py", line 29, in process_spider_output
    for x in result:
  File "C:\Users\Asxh-PC\Anaconda3\lib\site-packages\scrapy\spidermiddlewares\referer.py", line 339, in <genexpr>
    return (_set_referer(r) for r in result or ())
  File "C:\Users\Asxh-PC\Anaconda3\lib\site-packages\scrapy\spidermiddlewares\urllength.py", line 37, in <genexpr>
    return (r for r in result or () if _filter(r))
  File "C:\Users\Asxh-PC\Anaconda3\lib\site-packages\scrapy\spidermiddlewares\depth.py", line 58, in <genexpr>
    return (r for r in result or () if _filter(r))
  File "C:\Users\Asxh-PC\Desktop\Work\2020Spider\ScrapyProj\LEScrapy\LEScrapy\spiders\LESpider.py", line 80, in parseItemDetails
    item["category"] = str(re.findall(r'>(.*?)</a>', re.search(r'<b>类型：</b><span>(.*?)</span>',reshtml).group(1)))
AttributeError: 'NoneType' object has no attribute 'group'
2020-06-30 20:02:11 [root] WARNING: start reqUrl page at 12
2020-06-30 20:03:50 [scrapy.core.downloader.handlers.http11] WARNING: Got data loss in http://www.le.com/ptv/vplay/30571917.html. If you want to process broken responses set the setting DOWNLOAD_FAIL_ON_DATALOSS = False -- This message won't be shown in further requests
2020-06-30 20:04:27 [root] WARNING: start reqUrl page at 13
2020-06-30 20:06:38 [root] WARNING: start reqUrl page at 14
2020-06-30 20:07:52 [root] WARNING: start reqUrl page at 15
2020-06-30 20:08:58 [root] WARNING: start reqUrl page at 16
2020-06-30 20:10:34 [root] WARNING: start reqUrl page at 17
2020-06-30 20:11:18 [root] WARNING: start reqUrl page at 18
2020-06-30 20:11:54 [scrapy.core.scraper] ERROR: Spider error processing <GET http://www.le.com/ptv/vplay/26365545.html> (referer: None)
Traceback (most recent call last):
  File "C:\Users\Asxh-PC\Anaconda3\lib\site-packages\scrapy\utils\defer.py", line 102, in iter_errback
    yield next(it)
  File "C:\Users\Asxh-PC\Anaconda3\lib\site-packages\scrapy\spidermiddlewares\offsite.py", line 29, in process_spider_output
    for x in result:
  File "C:\Users\Asxh-PC\Anaconda3\lib\site-packages\scrapy\spidermiddlewares\referer.py", line 339, in <genexpr>
    return (_set_referer(r) for r in result or ())
  File "C:\Users\Asxh-PC\Anaconda3\lib\site-packages\scrapy\spidermiddlewares\urllength.py", line 37, in <genexpr>
    return (r for r in result or () if _filter(r))
  File "C:\Users\Asxh-PC\Anaconda3\lib\site-packages\scrapy\spidermiddlewares\depth.py", line 58, in <genexpr>
    return (r for r in result or () if _filter(r))
  File "C:\Users\Asxh-PC\Desktop\Work\2020Spider\ScrapyProj\LEScrapy\LEScrapy\spiders\LESpider.py", line 80, in parseItemDetails
    item["category"] = str(re.findall(r'>(.*?)</a>', re.search(r'<b>类型：</b><span>(.*?)</span>',reshtml).group(1)))
AttributeError: 'NoneType' object has no attribute 'group'
2020-06-30 20:11:54 [scrapy.core.scraper] ERROR: Spider error processing <GET http://www.le.com/ptv/vplay/26334196.html> (referer: None)
Traceback (most recent call last):
  File "C:\Users\Asxh-PC\Anaconda3\lib\site-packages\scrapy\utils\defer.py", line 102, in iter_errback
    yield next(it)
  File "C:\Users\Asxh-PC\Anaconda3\lib\site-packages\scrapy\spidermiddlewares\offsite.py", line 29, in process_spider_output
    for x in result:
  File "C:\Users\Asxh-PC\Anaconda3\lib\site-packages\scrapy\spidermiddlewares\referer.py", line 339, in <genexpr>
    return (_set_referer(r) for r in result or ())
  File "C:\Users\Asxh-PC\Anaconda3\lib\site-packages\scrapy\spidermiddlewares\urllength.py", line 37, in <genexpr>
    return (r for r in result or () if _filter(r))
  File "C:\Users\Asxh-PC\Anaconda3\lib\site-packages\scrapy\spidermiddlewares\depth.py", line 58, in <genexpr>
    return (r for r in result or () if _filter(r))
  File "C:\Users\Asxh-PC\Desktop\Work\2020Spider\ScrapyProj\LEScrapy\LEScrapy\spiders\LESpider.py", line 80, in parseItemDetails
    item["category"] = str(re.findall(r'>(.*?)</a>', re.search(r'<b>类型：</b><span>(.*?)</span>',reshtml).group(1)))
AttributeError: 'NoneType' object has no attribute 'group'
2020-06-30 20:11:54 [scrapy.core.scraper] ERROR: Spider error processing <GET http://www.le.com/ptv/vplay/26315898.html> (referer: None)
Traceback (most recent call last):
  File "C:\Users\Asxh-PC\Anaconda3\lib\site-packages\scrapy\utils\defer.py", line 102, in iter_errback
    yield next(it)
  File "C:\Users\Asxh-PC\Anaconda3\lib\site-packages\scrapy\spidermiddlewares\offsite.py", line 29, in process_spider_output
    for x in result:
  File "C:\Users\Asxh-PC\Anaconda3\lib\site-packages\scrapy\spidermiddlewares\referer.py", line 339, in <genexpr>
    return (_set_referer(r) for r in result or ())
  File "C:\Users\Asxh-PC\Anaconda3\lib\site-packages\scrapy\spidermiddlewares\urllength.py", line 37, in <genexpr>
    return (r for r in result or () if _filter(r))
  File "C:\Users\Asxh-PC\Anaconda3\lib\site-packages\scrapy\spidermiddlewares\depth.py", line 58, in <genexpr>
    return (r for r in result or () if _filter(r))
  File "C:\Users\Asxh-PC\Desktop\Work\2020Spider\ScrapyProj\LEScrapy\LEScrapy\spiders\LESpider.py", line 80, in parseItemDetails
    item["category"] = str(re.findall(r'>(.*?)</a>', re.search(r'<b>类型：</b><span>(.*?)</span>',reshtml).group(1)))
AttributeError: 'NoneType' object has no attribute 'group'
2020-06-30 20:11:54 [scrapy.core.scraper] ERROR: Spider error processing <GET http://www.le.com/ptv/vplay/26282441.html> (referer: None)
Traceback (most recent call last):
  File "C:\Users\Asxh-PC\Anaconda3\lib\site-packages\scrapy\utils\defer.py", line 102, in iter_errback
    yield next(it)
  File "C:\Users\Asxh-PC\Anaconda3\lib\site-packages\scrapy\spidermiddlewares\offsite.py", line 29, in process_spider_output
    for x in result:
  File "C:\Users\Asxh-PC\Anaconda3\lib\site-packages\scrapy\spidermiddlewares\referer.py", line 339, in <genexpr>
    return (_set_referer(r) for r in result or ())
  File "C:\Users\Asxh-PC\Anaconda3\lib\site-packages\scrapy\spidermiddlewares\urllength.py", line 37, in <genexpr>
    return (r for r in result or () if _filter(r))
  File "C:\Users\Asxh-PC\Anaconda3\lib\site-packages\scrapy\spidermiddlewares\depth.py", line 58, in <genexpr>
    return (r for r in result or () if _filter(r))
  File "C:\Users\Asxh-PC\Desktop\Work\2020Spider\ScrapyProj\LEScrapy\LEScrapy\spiders\LESpider.py", line 80, in parseItemDetails
    item["category"] = str(re.findall(r'>(.*?)</a>', re.search(r'<b>类型：</b><span>(.*?)</span>',reshtml).group(1)))
AttributeError: 'NoneType' object has no attribute 'group'
2020-06-30 20:11:54 [scrapy.core.scraper] ERROR: Spider error processing <GET http://www.le.com/ptv/vplay/26346554.html> (referer: None)
Traceback (most recent call last):
  File "C:\Users\Asxh-PC\Anaconda3\lib\site-packages\scrapy\utils\defer.py", line 102, in iter_errback
    yield next(it)
  File "C:\Users\Asxh-PC\Anaconda3\lib\site-packages\scrapy\spidermiddlewares\offsite.py", line 29, in process_spider_output
    for x in result:
  File "C:\Users\Asxh-PC\Anaconda3\lib\site-packages\scrapy\spidermiddlewares\referer.py", line 339, in <genexpr>
    return (_set_referer(r) for r in result or ())
  File "C:\Users\Asxh-PC\Anaconda3\lib\site-packages\scrapy\spidermiddlewares\urllength.py", line 37, in <genexpr>
    return (r for r in result or () if _filter(r))
  File "C:\Users\Asxh-PC\Anaconda3\lib\site-packages\scrapy\spidermiddlewares\depth.py", line 58, in <genexpr>
    return (r for r in result or () if _filter(r))
  File "C:\Users\Asxh-PC\Desktop\Work\2020Spider\ScrapyProj\LEScrapy\LEScrapy\spiders\LESpider.py", line 80, in parseItemDetails
    item["category"] = str(re.findall(r'>(.*?)</a>', re.search(r'<b>类型：</b><span>(.*?)</span>',reshtml).group(1)))
AttributeError: 'NoneType' object has no attribute 'group'
2020-06-30 20:11:54 [scrapy.core.scraper] ERROR: Spider error processing <GET http://www.le.com/ptv/vplay/26298130.html> (referer: None)
Traceback (most recent call last):
  File "C:\Users\Asxh-PC\Anaconda3\lib\site-packages\scrapy\utils\defer.py", line 102, in iter_errback
    yield next(it)
  File "C:\Users\Asxh-PC\Anaconda3\lib\site-packages\scrapy\spidermiddlewares\offsite.py", line 29, in process_spider_output
    for x in result:
  File "C:\Users\Asxh-PC\Anaconda3\lib\site-packages\scrapy\spidermiddlewares\referer.py", line 339, in <genexpr>
    return (_set_referer(r) for r in result or ())
  File "C:\Users\Asxh-PC\Anaconda3\lib\site-packages\scrapy\spidermiddlewares\urllength.py", line 37, in <genexpr>
    return (r for r in result or () if _filter(r))
  File "C:\Users\Asxh-PC\Anaconda3\lib\site-packages\scrapy\spidermiddlewares\depth.py", line 58, in <genexpr>
    return (r for r in result or () if _filter(r))
  File "C:\Users\Asxh-PC\Desktop\Work\2020Spider\ScrapyProj\LEScrapy\LEScrapy\spiders\LESpider.py", line 80, in parseItemDetails
    item["category"] = str(re.findall(r'>(.*?)</a>', re.search(r'<b>类型：</b><span>(.*?)</span>',reshtml).group(1)))
AttributeError: 'NoneType' object has no attribute 'group'
2020-06-30 20:11:54 [scrapy.core.scraper] ERROR: Spider error processing <GET http://www.le.com/ptv/vplay/26266814.html> (referer: None)
Traceback (most recent call last):
  File "C:\Users\Asxh-PC\Anaconda3\lib\site-packages\scrapy\utils\defer.py", line 102, in iter_errback
    yield next(it)
  File "C:\Users\Asxh-PC\Anaconda3\lib\site-packages\scrapy\spidermiddlewares\offsite.py", line 29, in process_spider_output
    for x in result:
  File "C:\Users\Asxh-PC\Anaconda3\lib\site-packages\scrapy\spidermiddlewares\referer.py", line 339, in <genexpr>
    return (_set_referer(r) for r in result or ())
  File "C:\Users\Asxh-PC\Anaconda3\lib\site-packages\scrapy\spidermiddlewares\urllength.py", line 37, in <genexpr>
    return (r for r in result or () if _filter(r))
  File "C:\Users\Asxh-PC\Anaconda3\lib\site-packages\scrapy\spidermiddlewares\depth.py", line 58, in <genexpr>
    return (r for r in result or () if _filter(r))
  File "C:\Users\Asxh-PC\Desktop\Work\2020Spider\ScrapyProj\LEScrapy\LEScrapy\spiders\LESpider.py", line 80, in parseItemDetails
    item["category"] = str(re.findall(r'>(.*?)</a>', re.search(r'<b>类型：</b><span>(.*?)</span>',reshtml).group(1)))
AttributeError: 'NoneType' object has no attribute 'group'
2020-06-30 20:11:55 [scrapy.core.scraper] ERROR: Spider error processing <GET http://www.le.com/ptv/vplay/26229174.html> (referer: None)
Traceback (most recent call last):
  File "C:\Users\Asxh-PC\Anaconda3\lib\site-packages\scrapy\utils\defer.py", line 102, in iter_errback
    yield next(it)
  File "C:\Users\Asxh-PC\Anaconda3\lib\site-packages\scrapy\spidermiddlewares\offsite.py", line 29, in process_spider_output
    for x in result:
  File "C:\Users\Asxh-PC\Anaconda3\lib\site-packages\scrapy\spidermiddlewares\referer.py", line 339, in <genexpr>
    return (_set_referer(r) for r in result or ())
  File "C:\Users\Asxh-PC\Anaconda3\lib\site-packages\scrapy\spidermiddlewares\urllength.py", line 37, in <genexpr>
    return (r for r in result or () if _filter(r))
  File "C:\Users\Asxh-PC\Anaconda3\lib\site-packages\scrapy\spidermiddlewares\depth.py", line 58, in <genexpr>
    return (r for r in result or () if _filter(r))
  File "C:\Users\Asxh-PC\Desktop\Work\2020Spider\ScrapyProj\LEScrapy\LEScrapy\spiders\LESpider.py", line 80, in parseItemDetails
    item["category"] = str(re.findall(r'>(.*?)</a>', re.search(r'<b>类型：</b><span>(.*?)</span>',reshtml).group(1)))
AttributeError: 'NoneType' object has no attribute 'group'
2020-06-30 20:11:55 [scrapy.core.scraper] ERROR: Spider error processing <GET http://www.le.com/ptv/vplay/26248182.html> (referer: None)
Traceback (most recent call last):
  File "C:\Users\Asxh-PC\Anaconda3\lib\site-packages\scrapy\utils\defer.py", line 102, in iter_errback
    yield next(it)
  File "C:\Users\Asxh-PC\Anaconda3\lib\site-packages\scrapy\spidermiddlewares\offsite.py", line 29, in process_spider_output
    for x in result:
  File "C:\Users\Asxh-PC\Anaconda3\lib\site-packages\scrapy\spidermiddlewares\referer.py", line 339, in <genexpr>
    return (_set_referer(r) for r in result or ())
  File "C:\Users\Asxh-PC\Anaconda3\lib\site-packages\scrapy\spidermiddlewares\urllength.py", line 37, in <genexpr>
    return (r for r in result or () if _filter(r))
  File "C:\Users\Asxh-PC\Anaconda3\lib\site-packages\scrapy\spidermiddlewares\depth.py", line 58, in <genexpr>
    return (r for r in result or () if _filter(r))
  File "C:\Users\Asxh-PC\Desktop\Work\2020Spider\ScrapyProj\LEScrapy\LEScrapy\spiders\LESpider.py", line 80, in parseItemDetails
    item["category"] = str(re.findall(r'>(.*?)</a>', re.search(r'<b>类型：</b><span>(.*?)</span>',reshtml).group(1)))
AttributeError: 'NoneType' object has no attribute 'group'
2020-06-30 20:13:02 [root] WARNING: start reqUrl page at 19
2020-06-30 20:14:30 [root] WARNING: finish reqUrl all page
2020-06-30 20:14:30 [root] WARNING: Start reqUrl http://list.le.com/getLesoData?from=pc&src=1&stype=1&ps=30&pn={lpage}&ph=420001&dt=1&cg=11&or=7&stt=1&s=3
2020-06-30 20:14:30 [root] WARNING: start reqUrl page at 1
2020-06-30 20:15:56 [root] WARNING: start reqUrl page at 2
2020-06-30 20:16:33 [root] WARNING: start reqUrl page at 3
2020-06-30 20:17:37 [root] WARNING: start reqUrl page at 4
2020-06-30 20:21:34 [root] WARNING: start reqUrl page at 5
2020-06-30 20:26:10 [root] WARNING: start reqUrl page at 6
2020-06-30 20:27:35 [root] WARNING: start reqUrl page at 7
2020-06-30 20:28:27 [root] WARNING: start reqUrl page at 8
2020-06-30 20:30:17 [scrapy.core.downloader.handlers.http11] WARNING: Got data loss in http://www.le.com/ptv/vplay/23526895.html. If you want to process broken responses set the setting DOWNLOAD_FAIL_ON_DATALOSS = False -- This message won't be shown in further requests
2020-06-30 20:30:17 [scrapy.core.downloader.handlers.http11] WARNING: Got data loss in http://www.le.com/ptv/vplay/23598387.html. If you want to process broken responses set the setting DOWNLOAD_FAIL_ON_DATALOSS = False -- This message won't be shown in further requests
2020-06-30 20:31:53 [root] WARNING: start reqUrl page at 9
2020-06-30 20:32:55 [root] WARNING: start reqUrl page at 10
2020-06-30 20:33:27 [root] WARNING: start reqUrl page at 11
2020-06-30 20:33:46 [scrapy.core.downloader.handlers.http11] WARNING: Got data loss in http://www.le.com/ptv/vplay/23359496.html. If you want to process broken responses set the setting DOWNLOAD_FAIL_ON_DATALOSS = False -- This message won't be shown in further requests
2020-06-30 20:33:54 [scrapy.core.downloader.handlers.http11] WARNING: Got data loss in http://www.le.com/ptv/vplay/21973247.html. If you want to process broken responses set the setting DOWNLOAD_FAIL_ON_DATALOSS = False -- This message won't be shown in further requests
2020-06-30 20:34:01 [root] WARNING: start reqUrl page at 12
2020-06-30 20:34:01 [scrapy.core.downloader.handlers.http11] WARNING: Got data loss in http://www.le.com/ptv/vplay/21882361.html. If you want to process broken responses set the setting DOWNLOAD_FAIL_ON_DATALOSS = False -- This message won't be shown in further requests
2020-06-30 20:35:24 [root] WARNING: start reqUrl page at 13
2020-06-30 20:36:17 [root] WARNING: start reqUrl page at 14
2020-06-30 20:36:31 [root] WARNING: start reqUrl page at 15
2020-06-30 20:36:56 [scrapy.core.scraper] ERROR: Spider error processing <GET http://www.le.com/ptv/vplay/26642779.html> (referer: None)
Traceback (most recent call last):
  File "C:\Users\Asxh-PC\Anaconda3\lib\site-packages\scrapy\utils\defer.py", line 102, in iter_errback
    yield next(it)
  File "C:\Users\Asxh-PC\Anaconda3\lib\site-packages\scrapy\spidermiddlewares\offsite.py", line 29, in process_spider_output
    for x in result:
  File "C:\Users\Asxh-PC\Anaconda3\lib\site-packages\scrapy\spidermiddlewares\referer.py", line 339, in <genexpr>
    return (_set_referer(r) for r in result or ())
  File "C:\Users\Asxh-PC\Anaconda3\lib\site-packages\scrapy\spidermiddlewares\urllength.py", line 37, in <genexpr>
    return (r for r in result or () if _filter(r))
  File "C:\Users\Asxh-PC\Anaconda3\lib\site-packages\scrapy\spidermiddlewares\depth.py", line 58, in <genexpr>
    return (r for r in result or () if _filter(r))
  File "C:\Users\Asxh-PC\Desktop\Work\2020Spider\ScrapyProj\LEScrapy\LEScrapy\spiders\LESpider.py", line 80, in parseItemDetails
    item["category"] = str(re.findall(r'>(.*?)</a>', re.search(r'<b>类型：</b><span>(.*?)</span>',reshtml).group(1)))
AttributeError: 'NoneType' object has no attribute 'group'
2020-06-30 20:36:56 [scrapy.core.scraper] ERROR: Spider error processing <GET http://www.le.com/ptv/vplay/26581351.html> (referer: None)
Traceback (most recent call last):
  File "C:\Users\Asxh-PC\Anaconda3\lib\site-packages\scrapy\utils\defer.py", line 102, in iter_errback
    yield next(it)
  File "C:\Users\Asxh-PC\Anaconda3\lib\site-packages\scrapy\spidermiddlewares\offsite.py", line 29, in process_spider_output
    for x in result:
  File "C:\Users\Asxh-PC\Anaconda3\lib\site-packages\scrapy\spidermiddlewares\referer.py", line 339, in <genexpr>
    return (_set_referer(r) for r in result or ())
  File "C:\Users\Asxh-PC\Anaconda3\lib\site-packages\scrapy\spidermiddlewares\urllength.py", line 37, in <genexpr>
    return (r for r in result or () if _filter(r))
  File "C:\Users\Asxh-PC\Anaconda3\lib\site-packages\scrapy\spidermiddlewares\depth.py", line 58, in <genexpr>
    return (r for r in result or () if _filter(r))
  File "C:\Users\Asxh-PC\Desktop\Work\2020Spider\ScrapyProj\LEScrapy\LEScrapy\spiders\LESpider.py", line 80, in parseItemDetails
    item["category"] = str(re.findall(r'>(.*?)</a>', re.search(r'<b>类型：</b><span>(.*?)</span>',reshtml).group(1)))
AttributeError: 'NoneType' object has no attribute 'group'
2020-06-30 20:36:56 [scrapy.core.scraper] ERROR: Spider error processing <GET http://www.le.com/ptv/vplay/26525374.html> (referer: None)
Traceback (most recent call last):
  File "C:\Users\Asxh-PC\Anaconda3\lib\site-packages\scrapy\utils\defer.py", line 102, in iter_errback
    yield next(it)
  File "C:\Users\Asxh-PC\Anaconda3\lib\site-packages\scrapy\spidermiddlewares\offsite.py", line 29, in process_spider_output
    for x in result:
  File "C:\Users\Asxh-PC\Anaconda3\lib\site-packages\scrapy\spidermiddlewares\referer.py", line 339, in <genexpr>
    return (_set_referer(r) for r in result or ())
  File "C:\Users\Asxh-PC\Anaconda3\lib\site-packages\scrapy\spidermiddlewares\urllength.py", line 37, in <genexpr>
    return (r for r in result or () if _filter(r))
  File "C:\Users\Asxh-PC\Anaconda3\lib\site-packages\scrapy\spidermiddlewares\depth.py", line 58, in <genexpr>
    return (r for r in result or () if _filter(r))
  File "C:\Users\Asxh-PC\Desktop\Work\2020Spider\ScrapyProj\LEScrapy\LEScrapy\spiders\LESpider.py", line 80, in parseItemDetails
    item["category"] = str(re.findall(r'>(.*?)</a>', re.search(r'<b>类型：</b><span>(.*?)</span>',reshtml).group(1)))
AttributeError: 'NoneType' object has no attribute 'group'
2020-06-30 20:36:56 [scrapy.core.scraper] ERROR: Spider error processing <GET http://www.le.com/ptv/vplay/26464730.html> (referer: None)
Traceback (most recent call last):
  File "C:\Users\Asxh-PC\Anaconda3\lib\site-packages\scrapy\utils\defer.py", line 102, in iter_errback
    yield next(it)
  File "C:\Users\Asxh-PC\Anaconda3\lib\site-packages\scrapy\spidermiddlewares\offsite.py", line 29, in process_spider_output
    for x in result:
  File "C:\Users\Asxh-PC\Anaconda3\lib\site-packages\scrapy\spidermiddlewares\referer.py", line 339, in <genexpr>
    return (_set_referer(r) for r in result or ())
  File "C:\Users\Asxh-PC\Anaconda3\lib\site-packages\scrapy\spidermiddlewares\urllength.py", line 37, in <genexpr>
    return (r for r in result or () if _filter(r))
  File "C:\Users\Asxh-PC\Anaconda3\lib\site-packages\scrapy\spidermiddlewares\depth.py", line 58, in <genexpr>
    return (r for r in result or () if _filter(r))
  File "C:\Users\Asxh-PC\Desktop\Work\2020Spider\ScrapyProj\LEScrapy\LEScrapy\spiders\LESpider.py", line 80, in parseItemDetails
    item["category"] = str(re.findall(r'>(.*?)</a>', re.search(r'<b>类型：</b><span>(.*?)</span>',reshtml).group(1)))
AttributeError: 'NoneType' object has no attribute 'group'
2020-06-30 20:36:56 [scrapy.core.scraper] ERROR: Spider error processing <GET http://www.le.com/ptv/vplay/26401575.html> (referer: None)
Traceback (most recent call last):
  File "C:\Users\Asxh-PC\Anaconda3\lib\site-packages\scrapy\utils\defer.py", line 102, in iter_errback
    yield next(it)
  File "C:\Users\Asxh-PC\Anaconda3\lib\site-packages\scrapy\spidermiddlewares\offsite.py", line 29, in process_spider_output
    for x in result:
  File "C:\Users\Asxh-PC\Anaconda3\lib\site-packages\scrapy\spidermiddlewares\referer.py", line 339, in <genexpr>
    return (_set_referer(r) for r in result or ())
  File "C:\Users\Asxh-PC\Anaconda3\lib\site-packages\scrapy\spidermiddlewares\urllength.py", line 37, in <genexpr>
    return (r for r in result or () if _filter(r))
  File "C:\Users\Asxh-PC\Anaconda3\lib\site-packages\scrapy\spidermiddlewares\depth.py", line 58, in <genexpr>
    return (r for r in result or () if _filter(r))
  File "C:\Users\Asxh-PC\Desktop\Work\2020Spider\ScrapyProj\LEScrapy\LEScrapy\spiders\LESpider.py", line 80, in parseItemDetails
    item["category"] = str(re.findall(r'>(.*?)</a>', re.search(r'<b>类型：</b><span>(.*?)</span>',reshtml).group(1)))
AttributeError: 'NoneType' object has no attribute 'group'
2020-06-30 20:36:56 [scrapy.core.scraper] ERROR: Spider error processing <GET http://www.le.com/ptv/vplay/26347680.html> (referer: None)
Traceback (most recent call last):
  File "C:\Users\Asxh-PC\Anaconda3\lib\site-packages\scrapy\utils\defer.py", line 102, in iter_errback
    yield next(it)
  File "C:\Users\Asxh-PC\Anaconda3\lib\site-packages\scrapy\spidermiddlewares\offsite.py", line 29, in process_spider_output
    for x in result:
  File "C:\Users\Asxh-PC\Anaconda3\lib\site-packages\scrapy\spidermiddlewares\referer.py", line 339, in <genexpr>
    return (_set_referer(r) for r in result or ())
  File "C:\Users\Asxh-PC\Anaconda3\lib\site-packages\scrapy\spidermiddlewares\urllength.py", line 37, in <genexpr>
    return (r for r in result or () if _filter(r))
  File "C:\Users\Asxh-PC\Anaconda3\lib\site-packages\scrapy\spidermiddlewares\depth.py", line 58, in <genexpr>
    return (r for r in result or () if _filter(r))
  File "C:\Users\Asxh-PC\Desktop\Work\2020Spider\ScrapyProj\LEScrapy\LEScrapy\spiders\LESpider.py", line 80, in parseItemDetails
    item["category"] = str(re.findall(r'>(.*?)</a>', re.search(r'<b>类型：</b><span>(.*?)</span>',reshtml).group(1)))
AttributeError: 'NoneType' object has no attribute 'group'
2020-06-30 20:36:56 [scrapy.core.scraper] ERROR: Spider error processing <GET http://www.le.com/ptv/vplay/26225418.html> (referer: None)
Traceback (most recent call last):
  File "C:\Users\Asxh-PC\Anaconda3\lib\site-packages\scrapy\utils\defer.py", line 102, in iter_errback
    yield next(it)
  File "C:\Users\Asxh-PC\Anaconda3\lib\site-packages\scrapy\spidermiddlewares\offsite.py", line 29, in process_spider_output
    for x in result:
  File "C:\Users\Asxh-PC\Anaconda3\lib\site-packages\scrapy\spidermiddlewares\referer.py", line 339, in <genexpr>
    return (_set_referer(r) for r in result or ())
  File "C:\Users\Asxh-PC\Anaconda3\lib\site-packages\scrapy\spidermiddlewares\urllength.py", line 37, in <genexpr>
    return (r for r in result or () if _filter(r))
  File "C:\Users\Asxh-PC\Anaconda3\lib\site-packages\scrapy\spidermiddlewares\depth.py", line 58, in <genexpr>
    return (r for r in result or () if _filter(r))
  File "C:\Users\Asxh-PC\Desktop\Work\2020Spider\ScrapyProj\LEScrapy\LEScrapy\spiders\LESpider.py", line 80, in parseItemDetails
    item["category"] = str(re.findall(r'>(.*?)</a>', re.search(r'<b>类型：</b><span>(.*?)</span>',reshtml).group(1)))
AttributeError: 'NoneType' object has no attribute 'group'
2020-06-30 20:36:56 [scrapy.core.scraper] ERROR: Spider error processing <GET http://www.le.com/ptv/vplay/26283728.html> (referer: None)
Traceback (most recent call last):
  File "C:\Users\Asxh-PC\Anaconda3\lib\site-packages\scrapy\utils\defer.py", line 102, in iter_errback
    yield next(it)
  File "C:\Users\Asxh-PC\Anaconda3\lib\site-packages\scrapy\spidermiddlewares\offsite.py", line 29, in process_spider_output
    for x in result:
  File "C:\Users\Asxh-PC\Anaconda3\lib\site-packages\scrapy\spidermiddlewares\referer.py", line 339, in <genexpr>
    return (_set_referer(r) for r in result or ())
  File "C:\Users\Asxh-PC\Anaconda3\lib\site-packages\scrapy\spidermiddlewares\urllength.py", line 37, in <genexpr>
    return (r for r in result or () if _filter(r))
  File "C:\Users\Asxh-PC\Anaconda3\lib\site-packages\scrapy\spidermiddlewares\depth.py", line 58, in <genexpr>
    return (r for r in result or () if _filter(r))
  File "C:\Users\Asxh-PC\Desktop\Work\2020Spider\ScrapyProj\LEScrapy\LEScrapy\spiders\LESpider.py", line 80, in parseItemDetails
    item["category"] = str(re.findall(r'>(.*?)</a>', re.search(r'<b>类型：</b><span>(.*?)</span>',reshtml).group(1)))
AttributeError: 'NoneType' object has no attribute 'group'
2020-06-30 20:36:56 [scrapy.core.scraper] ERROR: Spider error processing <GET http://www.le.com/ptv/vplay/26115024.html> (referer: None)
Traceback (most recent call last):
  File "C:\Users\Asxh-PC\Anaconda3\lib\site-packages\scrapy\utils\defer.py", line 102, in iter_errback
    yield next(it)
  File "C:\Users\Asxh-PC\Anaconda3\lib\site-packages\scrapy\spidermiddlewares\offsite.py", line 29, in process_spider_output
    for x in result:
  File "C:\Users\Asxh-PC\Anaconda3\lib\site-packages\scrapy\spidermiddlewares\referer.py", line 339, in <genexpr>
    return (_set_referer(r) for r in result or ())
  File "C:\Users\Asxh-PC\Anaconda3\lib\site-packages\scrapy\spidermiddlewares\urllength.py", line 37, in <genexpr>
    return (r for r in result or () if _filter(r))
  File "C:\Users\Asxh-PC\Anaconda3\lib\site-packages\scrapy\spidermiddlewares\depth.py", line 58, in <genexpr>
    return (r for r in result or () if _filter(r))
  File "C:\Users\Asxh-PC\Desktop\Work\2020Spider\ScrapyProj\LEScrapy\LEScrapy\spiders\LESpider.py", line 80, in parseItemDetails
    item["category"] = str(re.findall(r'>(.*?)</a>', re.search(r'<b>类型：</b><span>(.*?)</span>',reshtml).group(1)))
AttributeError: 'NoneType' object has no attribute 'group'
2020-06-30 20:36:56 [scrapy.core.scraper] ERROR: Spider error processing <GET http://www.le.com/ptv/vplay/26045521.html> (referer: None)
Traceback (most recent call last):
  File "C:\Users\Asxh-PC\Anaconda3\lib\site-packages\scrapy\utils\defer.py", line 102, in iter_errback
    yield next(it)
  File "C:\Users\Asxh-PC\Anaconda3\lib\site-packages\scrapy\spidermiddlewares\offsite.py", line 29, in process_spider_output
    for x in result:
  File "C:\Users\Asxh-PC\Anaconda3\lib\site-packages\scrapy\spidermiddlewares\referer.py", line 339, in <genexpr>
    return (_set_referer(r) for r in result or ())
  File "C:\Users\Asxh-PC\Anaconda3\lib\site-packages\scrapy\spidermiddlewares\urllength.py", line 37, in <genexpr>
    return (r for r in result or () if _filter(r))
  File "C:\Users\Asxh-PC\Anaconda3\lib\site-packages\scrapy\spidermiddlewares\depth.py", line 58, in <genexpr>
    return (r for r in result or () if _filter(r))
  File "C:\Users\Asxh-PC\Desktop\Work\2020Spider\ScrapyProj\LEScrapy\LEScrapy\spiders\LESpider.py", line 80, in parseItemDetails
    item["category"] = str(re.findall(r'>(.*?)</a>', re.search(r'<b>类型：</b><span>(.*?)</span>',reshtml).group(1)))
AttributeError: 'NoneType' object has no attribute 'group'
2020-06-30 20:36:56 [scrapy.core.scraper] ERROR: Spider error processing <GET http://www.le.com/ptv/vplay/26282539.html> (referer: None)
Traceback (most recent call last):
  File "C:\Users\Asxh-PC\Anaconda3\lib\site-packages\scrapy\utils\defer.py", line 102, in iter_errback
    yield next(it)
  File "C:\Users\Asxh-PC\Anaconda3\lib\site-packages\scrapy\spidermiddlewares\offsite.py", line 29, in process_spider_output
    for x in result:
  File "C:\Users\Asxh-PC\Anaconda3\lib\site-packages\scrapy\spidermiddlewares\referer.py", line 339, in <genexpr>
    return (_set_referer(r) for r in result or ())
  File "C:\Users\Asxh-PC\Anaconda3\lib\site-packages\scrapy\spidermiddlewares\urllength.py", line 37, in <genexpr>
    return (r for r in result or () if _filter(r))
  File "C:\Users\Asxh-PC\Anaconda3\lib\site-packages\scrapy\spidermiddlewares\depth.py", line 58, in <genexpr>
    return (r for r in result or () if _filter(r))
  File "C:\Users\Asxh-PC\Desktop\Work\2020Spider\ScrapyProj\LEScrapy\LEScrapy\spiders\LESpider.py", line 80, in parseItemDetails
    item["category"] = str(re.findall(r'>(.*?)</a>', re.search(r'<b>类型：</b><span>(.*?)</span>',reshtml).group(1)))
AttributeError: 'NoneType' object has no attribute 'group'
2020-06-30 20:36:56 [scrapy.core.scraper] ERROR: Spider error processing <GET http://www.le.com/ptv/vplay/26166801.html> (referer: None)
Traceback (most recent call last):
  File "C:\Users\Asxh-PC\Anaconda3\lib\site-packages\scrapy\utils\defer.py", line 102, in iter_errback
    yield next(it)
  File "C:\Users\Asxh-PC\Anaconda3\lib\site-packages\scrapy\spidermiddlewares\offsite.py", line 29, in process_spider_output
    for x in result:
  File "C:\Users\Asxh-PC\Anaconda3\lib\site-packages\scrapy\spidermiddlewares\referer.py", line 339, in <genexpr>
    return (_set_referer(r) for r in result or ())
  File "C:\Users\Asxh-PC\Anaconda3\lib\site-packages\scrapy\spidermiddlewares\urllength.py", line 37, in <genexpr>
    return (r for r in result or () if _filter(r))
  File "C:\Users\Asxh-PC\Anaconda3\lib\site-packages\scrapy\spidermiddlewares\depth.py", line 58, in <genexpr>
    return (r for r in result or () if _filter(r))
  File "C:\Users\Asxh-PC\Desktop\Work\2020Spider\ScrapyProj\LEScrapy\LEScrapy\spiders\LESpider.py", line 80, in parseItemDetails
    item["category"] = str(re.findall(r'>(.*?)</a>', re.search(r'<b>类型：</b><span>(.*?)</span>',reshtml).group(1)))
AttributeError: 'NoneType' object has no attribute 'group'
2020-06-30 20:37:09 [root] WARNING: start reqUrl page at 16
2020-06-30 20:38:30 [root] WARNING: start reqUrl page at 17
2020-06-30 20:38:48 [scrapy.core.downloader.handlers.http11] WARNING: Got data loss in http://www.le.com/ptv/vplay/1883839.html. If you want to process broken responses set the setting DOWNLOAD_FAIL_ON_DATALOSS = False -- This message won't be shown in further requests
2020-06-30 20:38:57 [scrapy.core.downloader.handlers.http11] WARNING: Got data loss in http://www.le.com/ptv/vplay/24312324.html. If you want to process broken responses set the setting DOWNLOAD_FAIL_ON_DATALOSS = False -- This message won't be shown in further requests
2020-06-30 20:38:58 [root] WARNING: start reqUrl page at 18
2020-06-30 20:39:28 [root] WARNING: start reqUrl page at 19
2020-06-30 20:39:51 [root] WARNING: finish reqUrl all page
2020-06-30 20:39:51 [root] WARNING: Start reqUrl http://list.le.com/getLesoData?from=pc&src=1&stype=1&ps=30&pn={lpage}&ph=420001&dt=1&cg=5&or=4&stt=1&s=1
2020-06-30 20:39:51 [root] WARNING: start reqUrl page at 1
2020-06-30 20:44:07 [root] WARNING: start reqUrl page at 2
2020-06-30 20:45:46 [root] WARNING: start reqUrl page at 3
2020-06-30 20:46:52 [root] WARNING: start reqUrl page at 4
2020-06-30 20:48:23 [root] WARNING: start reqUrl page at 5
2020-06-30 20:50:01 [root] WARNING: start reqUrl page at 6
2020-06-30 20:51:34 [root] WARNING: start reqUrl page at 7
2020-06-30 20:53:04 [root] WARNING: start reqUrl page at 8
2020-06-30 20:54:22 [root] WARNING: start reqUrl page at 9
2020-06-30 20:55:30 [root] WARNING: start reqUrl page at 10
2020-06-30 20:57:02 [root] WARNING: start reqUrl page at 11
2020-06-30 20:58:01 [root] WARNING: start reqUrl page at 12
2020-06-30 20:59:16 [root] WARNING: start reqUrl page at 13
2020-06-30 21:00:24 [root] WARNING: start reqUrl page at 14
2020-06-30 21:01:28 [root] WARNING: start reqUrl page at 15
2020-06-30 21:02:22 [root] WARNING: start reqUrl page at 16
2020-06-30 21:03:42 [root] WARNING: start reqUrl page at 17
2020-06-30 21:04:06 [root] WARNING: start reqUrl page at 18
2020-06-30 21:04:06 [root] WARNING: finish reqUrl all page
2020-06-30 21:04:06 [root] WARNING: Start reqUrl http://list.le.com/getLesoData?from=pc&src=1&stype=1&ps=30&pn={lpage}&ph=420001&dt=1&cg=5&or=5&stt=1&s=1
2020-06-30 21:04:06 [root] WARNING: start reqUrl page at 1
2020-06-30 21:05:27 [root] WARNING: start reqUrl page at 2
2020-06-30 21:06:38 [root] WARNING: start reqUrl page at 3
2020-06-30 21:07:32 [root] WARNING: start reqUrl page at 4
2020-06-30 21:08:35 [root] WARNING: start reqUrl page at 5
2020-06-30 21:09:39 [root] WARNING: start reqUrl page at 6
2020-06-30 21:10:54 [root] WARNING: start reqUrl page at 7
2020-06-30 21:11:20 [root] WARNING: start reqUrl page at 8
2020-06-30 21:12:10 [root] WARNING: start reqUrl page at 9
2020-06-30 21:13:01 [root] WARNING: start reqUrl page at 10
2020-06-30 21:13:25 [root] WARNING: start reqUrl page at 11
2020-06-30 21:14:05 [root] WARNING: start reqUrl page at 12
2020-06-30 21:14:44 [scrapy.core.scraper] ERROR: Spider error processing <GET http://www.le.com/ptv/vplay/24924020.html> (referer: None)
Traceback (most recent call last):
  File "C:\Users\Asxh-PC\Anaconda3\lib\site-packages\scrapy\utils\defer.py", line 102, in iter_errback
    yield next(it)
  File "C:\Users\Asxh-PC\Anaconda3\lib\site-packages\scrapy\spidermiddlewares\offsite.py", line 29, in process_spider_output
    for x in result:
  File "C:\Users\Asxh-PC\Anaconda3\lib\site-packages\scrapy\spidermiddlewares\referer.py", line 339, in <genexpr>
    return (_set_referer(r) for r in result or ())
  File "C:\Users\Asxh-PC\Anaconda3\lib\site-packages\scrapy\spidermiddlewares\urllength.py", line 37, in <genexpr>
    return (r for r in result or () if _filter(r))
  File "C:\Users\Asxh-PC\Anaconda3\lib\site-packages\scrapy\spidermiddlewares\depth.py", line 58, in <genexpr>
    return (r for r in result or () if _filter(r))
  File "C:\Users\Asxh-PC\Desktop\Work\2020Spider\ScrapyProj\LEScrapy\LEScrapy\spiders\LESpider.py", line 80, in parseItemDetails
    item["category"] = str(re.findall(r'>(.*?)</a>', re.search(r'<b>类型：</b><span>(.*?)</span>',reshtml).group(1)))
AttributeError: 'NoneType' object has no attribute 'group'
2020-06-30 21:14:44 [scrapy.core.scraper] ERROR: Spider error processing <GET http://www.le.com/ptv/vplay/24924260.html> (referer: None)
Traceback (most recent call last):
  File "C:\Users\Asxh-PC\Anaconda3\lib\site-packages\scrapy\utils\defer.py", line 102, in iter_errback
    yield next(it)
  File "C:\Users\Asxh-PC\Anaconda3\lib\site-packages\scrapy\spidermiddlewares\offsite.py", line 29, in process_spider_output
    for x in result:
  File "C:\Users\Asxh-PC\Anaconda3\lib\site-packages\scrapy\spidermiddlewares\referer.py", line 339, in <genexpr>
    return (_set_referer(r) for r in result or ())
  File "C:\Users\Asxh-PC\Anaconda3\lib\site-packages\scrapy\spidermiddlewares\urllength.py", line 37, in <genexpr>
    return (r for r in result or () if _filter(r))
  File "C:\Users\Asxh-PC\Anaconda3\lib\site-packages\scrapy\spidermiddlewares\depth.py", line 58, in <genexpr>
    return (r for r in result or () if _filter(r))
  File "C:\Users\Asxh-PC\Desktop\Work\2020Spider\ScrapyProj\LEScrapy\LEScrapy\spiders\LESpider.py", line 80, in parseItemDetails
    item["category"] = str(re.findall(r'>(.*?)</a>', re.search(r'<b>类型：</b><span>(.*?)</span>',reshtml).group(1)))
AttributeError: 'NoneType' object has no attribute 'group'
2020-06-30 21:14:44 [scrapy.core.scraper] ERROR: Spider error processing <GET http://www.le.com/ptv/vplay/24982444.html> (referer: None)
Traceback (most recent call last):
  File "C:\Users\Asxh-PC\Anaconda3\lib\site-packages\scrapy\utils\defer.py", line 102, in iter_errback
    yield next(it)
  File "C:\Users\Asxh-PC\Anaconda3\lib\site-packages\scrapy\spidermiddlewares\offsite.py", line 29, in process_spider_output
    for x in result:
  File "C:\Users\Asxh-PC\Anaconda3\lib\site-packages\scrapy\spidermiddlewares\referer.py", line 339, in <genexpr>
    return (_set_referer(r) for r in result or ())
  File "C:\Users\Asxh-PC\Anaconda3\lib\site-packages\scrapy\spidermiddlewares\urllength.py", line 37, in <genexpr>
    return (r for r in result or () if _filter(r))
  File "C:\Users\Asxh-PC\Anaconda3\lib\site-packages\scrapy\spidermiddlewares\depth.py", line 58, in <genexpr>
    return (r for r in result or () if _filter(r))
  File "C:\Users\Asxh-PC\Desktop\Work\2020Spider\ScrapyProj\LEScrapy\LEScrapy\spiders\LESpider.py", line 80, in parseItemDetails
    item["category"] = str(re.findall(r'>(.*?)</a>', re.search(r'<b>类型：</b><span>(.*?)</span>',reshtml).group(1)))
AttributeError: 'NoneType' object has no attribute 'group'
2020-06-30 21:14:44 [scrapy.core.scraper] ERROR: Spider error processing <GET http://www.le.com/ptv/vplay/25122320.html> (referer: None)
Traceback (most recent call last):
  File "C:\Users\Asxh-PC\Anaconda3\lib\site-packages\scrapy\utils\defer.py", line 102, in iter_errback
    yield next(it)
  File "C:\Users\Asxh-PC\Anaconda3\lib\site-packages\scrapy\spidermiddlewares\offsite.py", line 29, in process_spider_output
    for x in result:
  File "C:\Users\Asxh-PC\Anaconda3\lib\site-packages\scrapy\spidermiddlewares\referer.py", line 339, in <genexpr>
    return (_set_referer(r) for r in result or ())
  File "C:\Users\Asxh-PC\Anaconda3\lib\site-packages\scrapy\spidermiddlewares\urllength.py", line 37, in <genexpr>
    return (r for r in result or () if _filter(r))
  File "C:\Users\Asxh-PC\Anaconda3\lib\site-packages\scrapy\spidermiddlewares\depth.py", line 58, in <genexpr>
    return (r for r in result or () if _filter(r))
  File "C:\Users\Asxh-PC\Desktop\Work\2020Spider\ScrapyProj\LEScrapy\LEScrapy\spiders\LESpider.py", line 80, in parseItemDetails
    item["category"] = str(re.findall(r'>(.*?)</a>', re.search(r'<b>类型：</b><span>(.*?)</span>',reshtml).group(1)))
AttributeError: 'NoneType' object has no attribute 'group'
2020-06-30 21:14:44 [scrapy.core.scraper] ERROR: Spider error processing <GET http://www.le.com/ptv/vplay/25274266.html> (referer: None)
Traceback (most recent call last):
  File "C:\Users\Asxh-PC\Anaconda3\lib\site-packages\scrapy\utils\defer.py", line 102, in iter_errback
    yield next(it)
  File "C:\Users\Asxh-PC\Anaconda3\lib\site-packages\scrapy\spidermiddlewares\offsite.py", line 29, in process_spider_output
    for x in result:
  File "C:\Users\Asxh-PC\Anaconda3\lib\site-packages\scrapy\spidermiddlewares\referer.py", line 339, in <genexpr>
    return (_set_referer(r) for r in result or ())
  File "C:\Users\Asxh-PC\Anaconda3\lib\site-packages\scrapy\spidermiddlewares\urllength.py", line 37, in <genexpr>
    return (r for r in result or () if _filter(r))
  File "C:\Users\Asxh-PC\Anaconda3\lib\site-packages\scrapy\spidermiddlewares\depth.py", line 58, in <genexpr>
    return (r for r in result or () if _filter(r))
  File "C:\Users\Asxh-PC\Desktop\Work\2020Spider\ScrapyProj\LEScrapy\LEScrapy\spiders\LESpider.py", line 80, in parseItemDetails
    item["category"] = str(re.findall(r'>(.*?)</a>', re.search(r'<b>类型：</b><span>(.*?)</span>',reshtml).group(1)))
AttributeError: 'NoneType' object has no attribute 'group'
2020-06-30 21:14:44 [scrapy.core.scraper] ERROR: Spider error processing <GET http://www.le.com/ptv/vplay/26004317.html> (referer: None)
Traceback (most recent call last):
  File "C:\Users\Asxh-PC\Anaconda3\lib\site-packages\scrapy\utils\defer.py", line 102, in iter_errback
    yield next(it)
  File "C:\Users\Asxh-PC\Anaconda3\lib\site-packages\scrapy\spidermiddlewares\offsite.py", line 29, in process_spider_output
    for x in result:
  File "C:\Users\Asxh-PC\Anaconda3\lib\site-packages\scrapy\spidermiddlewares\referer.py", line 339, in <genexpr>
    return (_set_referer(r) for r in result or ())
  File "C:\Users\Asxh-PC\Anaconda3\lib\site-packages\scrapy\spidermiddlewares\urllength.py", line 37, in <genexpr>
    return (r for r in result or () if _filter(r))
  File "C:\Users\Asxh-PC\Anaconda3\lib\site-packages\scrapy\spidermiddlewares\depth.py", line 58, in <genexpr>
    return (r for r in result or () if _filter(r))
  File "C:\Users\Asxh-PC\Desktop\Work\2020Spider\ScrapyProj\LEScrapy\LEScrapy\spiders\LESpider.py", line 80, in parseItemDetails
    item["category"] = str(re.findall(r'>(.*?)</a>', re.search(r'<b>类型：</b><span>(.*?)</span>',reshtml).group(1)))
AttributeError: 'NoneType' object has no attribute 'group'
2020-06-30 21:14:44 [scrapy.core.scraper] ERROR: Spider error processing <GET http://www.le.com/ptv/vplay/25949196.html> (referer: None)
Traceback (most recent call last):
  File "C:\Users\Asxh-PC\Anaconda3\lib\site-packages\scrapy\utils\defer.py", line 102, in iter_errback
    yield next(it)
  File "C:\Users\Asxh-PC\Anaconda3\lib\site-packages\scrapy\spidermiddlewares\offsite.py", line 29, in process_spider_output
    for x in result:
  File "C:\Users\Asxh-PC\Anaconda3\lib\site-packages\scrapy\spidermiddlewares\referer.py", line 339, in <genexpr>
    return (_set_referer(r) for r in result or ())
  File "C:\Users\Asxh-PC\Anaconda3\lib\site-packages\scrapy\spidermiddlewares\urllength.py", line 37, in <genexpr>
    return (r for r in result or () if _filter(r))
  File "C:\Users\Asxh-PC\Anaconda3\lib\site-packages\scrapy\spidermiddlewares\depth.py", line 58, in <genexpr>
    return (r for r in result or () if _filter(r))
  File "C:\Users\Asxh-PC\Desktop\Work\2020Spider\ScrapyProj\LEScrapy\LEScrapy\spiders\LESpider.py", line 80, in parseItemDetails
    item["category"] = str(re.findall(r'>(.*?)</a>', re.search(r'<b>类型：</b><span>(.*?)</span>',reshtml).group(1)))
AttributeError: 'NoneType' object has no attribute 'group'
2020-06-30 21:14:44 [scrapy.core.scraper] ERROR: Spider error processing <GET http://www.le.com/ptv/vplay/26134050.html> (referer: None)
Traceback (most recent call last):
  File "C:\Users\Asxh-PC\Anaconda3\lib\site-packages\scrapy\utils\defer.py", line 102, in iter_errback
    yield next(it)
  File "C:\Users\Asxh-PC\Anaconda3\lib\site-packages\scrapy\spidermiddlewares\offsite.py", line 29, in process_spider_output
    for x in result:
  File "C:\Users\Asxh-PC\Anaconda3\lib\site-packages\scrapy\spidermiddlewares\referer.py", line 339, in <genexpr>
    return (_set_referer(r) for r in result or ())
  File "C:\Users\Asxh-PC\Anaconda3\lib\site-packages\scrapy\spidermiddlewares\urllength.py", line 37, in <genexpr>
    return (r for r in result or () if _filter(r))
  File "C:\Users\Asxh-PC\Anaconda3\lib\site-packages\scrapy\spidermiddlewares\depth.py", line 58, in <genexpr>
    return (r for r in result or () if _filter(r))
  File "C:\Users\Asxh-PC\Desktop\Work\2020Spider\ScrapyProj\LEScrapy\LEScrapy\spiders\LESpider.py", line 80, in parseItemDetails
    item["category"] = str(re.findall(r'>(.*?)</a>', re.search(r'<b>类型：</b><span>(.*?)</span>',reshtml).group(1)))
AttributeError: 'NoneType' object has no attribute 'group'
2020-06-30 21:14:44 [scrapy.core.scraper] ERROR: Spider error processing <GET http://www.le.com/ptv/vplay/26077765.html> (referer: None)
Traceback (most recent call last):
  File "C:\Users\Asxh-PC\Anaconda3\lib\site-packages\scrapy\utils\defer.py", line 102, in iter_errback
    yield next(it)
  File "C:\Users\Asxh-PC\Anaconda3\lib\site-packages\scrapy\spidermiddlewares\offsite.py", line 29, in process_spider_output
    for x in result:
  File "C:\Users\Asxh-PC\Anaconda3\lib\site-packages\scrapy\spidermiddlewares\referer.py", line 339, in <genexpr>
    return (_set_referer(r) for r in result or ())
  File "C:\Users\Asxh-PC\Anaconda3\lib\site-packages\scrapy\spidermiddlewares\urllength.py", line 37, in <genexpr>
    return (r for r in result or () if _filter(r))
  File "C:\Users\Asxh-PC\Anaconda3\lib\site-packages\scrapy\spidermiddlewares\depth.py", line 58, in <genexpr>
    return (r for r in result or () if _filter(r))
  File "C:\Users\Asxh-PC\Desktop\Work\2020Spider\ScrapyProj\LEScrapy\LEScrapy\spiders\LESpider.py", line 80, in parseItemDetails
    item["category"] = str(re.findall(r'>(.*?)</a>', re.search(r'<b>类型：</b><span>(.*?)</span>',reshtml).group(1)))
AttributeError: 'NoneType' object has no attribute 'group'
2020-06-30 21:14:44 [scrapy.core.scraper] ERROR: Spider error processing <GET http://www.le.com/ptv/vplay/26191376.html> (referer: None)
Traceback (most recent call last):
  File "C:\Users\Asxh-PC\Anaconda3\lib\site-packages\scrapy\utils\defer.py", line 102, in iter_errback
    yield next(it)
  File "C:\Users\Asxh-PC\Anaconda3\lib\site-packages\scrapy\spidermiddlewares\offsite.py", line 29, in process_spider_output
    for x in result:
  File "C:\Users\Asxh-PC\Anaconda3\lib\site-packages\scrapy\spidermiddlewares\referer.py", line 339, in <genexpr>
    return (_set_referer(r) for r in result or ())
  File "C:\Users\Asxh-PC\Anaconda3\lib\site-packages\scrapy\spidermiddlewares\urllength.py", line 37, in <genexpr>
    return (r for r in result or () if _filter(r))
  File "C:\Users\Asxh-PC\Anaconda3\lib\site-packages\scrapy\spidermiddlewares\depth.py", line 58, in <genexpr>
    return (r for r in result or () if _filter(r))
  File "C:\Users\Asxh-PC\Desktop\Work\2020Spider\ScrapyProj\LEScrapy\LEScrapy\spiders\LESpider.py", line 80, in parseItemDetails
    item["category"] = str(re.findall(r'>(.*?)</a>', re.search(r'<b>类型：</b><span>(.*?)</span>',reshtml).group(1)))
AttributeError: 'NoneType' object has no attribute 'group'
2020-06-30 21:14:44 [scrapy.core.scraper] ERROR: Spider error processing <GET http://www.le.com/ptv/vplay/25446171.html> (referer: None)
Traceback (most recent call last):
  File "C:\Users\Asxh-PC\Anaconda3\lib\site-packages\scrapy\utils\defer.py", line 102, in iter_errback
    yield next(it)
  File "C:\Users\Asxh-PC\Anaconda3\lib\site-packages\scrapy\spidermiddlewares\offsite.py", line 29, in process_spider_output
    for x in result:
  File "C:\Users\Asxh-PC\Anaconda3\lib\site-packages\scrapy\spidermiddlewares\referer.py", line 339, in <genexpr>
    return (_set_referer(r) for r in result or ())
  File "C:\Users\Asxh-PC\Anaconda3\lib\site-packages\scrapy\spidermiddlewares\urllength.py", line 37, in <genexpr>
    return (r for r in result or () if _filter(r))
  File "C:\Users\Asxh-PC\Anaconda3\lib\site-packages\scrapy\spidermiddlewares\depth.py", line 58, in <genexpr>
    return (r for r in result or () if _filter(r))
  File "C:\Users\Asxh-PC\Desktop\Work\2020Spider\ScrapyProj\LEScrapy\LEScrapy\spiders\LESpider.py", line 80, in parseItemDetails
    item["category"] = str(re.findall(r'>(.*?)</a>', re.search(r'<b>类型：</b><span>(.*?)</span>',reshtml).group(1)))
AttributeError: 'NoneType' object has no attribute 'group'
2020-06-30 21:14:44 [scrapy.core.scraper] ERROR: Spider error processing <GET http://www.le.com/ptv/vplay/26304039.html> (referer: None)
Traceback (most recent call last):
  File "C:\Users\Asxh-PC\Anaconda3\lib\site-packages\scrapy\utils\defer.py", line 102, in iter_errback
    yield next(it)
  File "C:\Users\Asxh-PC\Anaconda3\lib\site-packages\scrapy\spidermiddlewares\offsite.py", line 29, in process_spider_output
    for x in result:
  File "C:\Users\Asxh-PC\Anaconda3\lib\site-packages\scrapy\spidermiddlewares\referer.py", line 339, in <genexpr>
    return (_set_referer(r) for r in result or ())
  File "C:\Users\Asxh-PC\Anaconda3\lib\site-packages\scrapy\spidermiddlewares\urllength.py", line 37, in <genexpr>
    return (r for r in result or () if _filter(r))
  File "C:\Users\Asxh-PC\Anaconda3\lib\site-packages\scrapy\spidermiddlewares\depth.py", line 58, in <genexpr>
    return (r for r in result or () if _filter(r))
  File "C:\Users\Asxh-PC\Desktop\Work\2020Spider\ScrapyProj\LEScrapy\LEScrapy\spiders\LESpider.py", line 80, in parseItemDetails
    item["category"] = str(re.findall(r'>(.*?)</a>', re.search(r'<b>类型：</b><span>(.*?)</span>',reshtml).group(1)))
AttributeError: 'NoneType' object has no attribute 'group'
2020-06-30 21:14:44 [root] WARNING: start reqUrl page at 13
2020-06-30 21:15:30 [root] WARNING: start reqUrl page at 14
2020-06-30 21:16:10 [root] WARNING: start reqUrl page at 15
2020-06-30 21:17:40 [root] WARNING: start reqUrl page at 16
2020-06-30 21:18:45 [root] WARNING: start reqUrl page at 17
2020-06-30 21:19:36 [root] WARNING: start reqUrl page at 18
2020-06-30 21:20:28 [root] WARNING: start reqUrl page at 19
2020-06-30 21:20:47 [root] WARNING: finish reqUrl all page
2020-06-30 21:20:47 [root] WARNING: Finish all reqUrls
